# JRE version: Java(TM) SE Runtime Environment (8.0_191-b12) (build 1.8.0_191-b12)
# Java VM: Java HotSpot(TM) 64-Bit Server VM (25.191-b12 mixed mode windows-amd64 compressed oops)
Heap:
 PSYoungGen      total 395264K, used 351902K [0x00000000d5e00000, 0x00000000ef180000, 0x0000000100000000)
  eden space 377344K, 93% used [0x00000000d5e00000,0x00000000eb5a7a40,0x00000000ece80000)
  from space 17920K, 0% used [0x00000000ece80000,0x00000000ece80000,0x00000000ee000000)
  to   space 17920K, 0% used [0x00000000ee000000,0x00000000ee000000,0x00000000ef180000)
 ParOldGen       total 133120K, used 54283K [0x0000000081a00000, 0x0000000089c00000, 0x00000000d5e00000)
  object space 133120K, 40% used [0x0000000081a00000,0x0000000084f02e08,0x0000000089c00000)
 Metaspace       used 130098K, capacity 138494K, committed 138904K, reserved 1171456K
  class space    used 14340K, capacity 16390K, committed 16560K, reserved 1048576K
GC Heap History (10 events):
Event: 11882.580 GC heap before
{Heap before GC invocations=157 (full 46):
 PSYoungGen      total 392192K, used 374784K [0x00000000d5e00000, 0x00000000eef00000, 0x0000000100000000)
  eden space 374784K, 100% used [0x00000000d5e00000,0x00000000ecc00000,0x00000000ecc00000)
  from space 17408K, 0% used [0x00000000ede00000,0x00000000ede00000,0x00000000eef00000)
  to   space 17920K, 0% used [0x00000000ecc00000,0x00000000ecc00000,0x00000000edd80000)
 ParOldGen       total 133120K, used 49551K [0x0000000081a00000, 0x0000000089c00000, 0x00000000d5e00000)
  object space 133120K, 37% used [0x0000000081a00000,0x0000000084a63d90,0x0000000089c00000)
 Metaspace       used 127981K, capacity 136264K, committed 136600K, reserved 1169408K
  class space    used 14173K, capacity 16181K, committed 16304K, reserved 1048576K
Event: 11882.593 GC heap after
Heap after GC invocations=157 (full 46):
 PSYoungGen      total 392704K, used 12866K [0x00000000d5e00000, 0x00000000ef280000, 0x0000000100000000)
  eden space 374784K, 0% used [0x00000000d5e00000,0x00000000d5e00000,0x00000000ecc00000)
  from space 17920K, 71% used [0x00000000ecc00000,0x00000000ed890ab0,0x00000000edd80000)
  to   space 18432K, 0% used [0x00000000ee080000,0x00000000ee080000,0x00000000ef280000)
 ParOldGen       total 133120K, used 49559K [0x0000000081a00000, 0x0000000089c00000, 0x00000000d5e00000)
  object space 133120K, 37% used [0x0000000081a00000,0x0000000084a65d90,0x0000000089c00000)
 Metaspace       used 127981K, capacity 136264K, committed 136600K, reserved 1169408K
  class space    used 14173K, capacity 16181K, committed 16304K, reserved 1048576K
}
Event: 11889.528 GC heap before
{Heap before GC invocations=158 (full 46):
 PSYoungGen      total 392704K, used 27357K [0x00000000d5e00000, 0x00000000ef280000, 0x0000000100000000)
  eden space 374784K, 3% used [0x00000000d5e00000,0x00000000d6c26d38,0x00000000ecc00000)
  from space 17920K, 71% used [0x00000000ecc00000,0x00000000ed890ab0,0x00000000edd80000)
  to   space 18432K, 0% used [0x00000000ee080000,0x00000000ee080000,0x00000000ef280000)
 ParOldGen       total 133120K, used 49559K [0x0000000081a00000, 0x0000000089c00000, 0x00000000d5e00000)
  object space 133120K, 37% used [0x0000000081a00000,0x0000000084a65d90,0x0000000089c00000)
 Metaspace       used 127983K, capacity 136270K, committed 136600K, reserved 1169408K
  class space    used 14174K, capacity 16183K, committed 16304K, reserved 1048576K
Event: 11889.534 GC heap after
Heap after GC invocations=158 (full 46):
 PSYoungGen      total 394752K, used 7888K [0x00000000d5e00000, 0x00000000ef180000, 0x0000000100000000)
  eden space 377344K, 0% used [0x00000000d5e00000,0x00000000d5e00000,0x00000000ece80000)
  from space 17408K, 45% used [0x00000000ee080000,0x00000000ee8340a0,0x00000000ef180000)
  to   space 17920K, 0% used [0x00000000ece80000,0x00000000ece80000,0x00000000ee000000)
 ParOldGen       total 133120K, used 49559K [0x0000000081a00000, 0x0000000089c00000, 0x00000000d5e00000)
  object space 133120K, 37% used [0x0000000081a00000,0x0000000084a65d90,0x0000000089c00000)
 Metaspace       used 127983K, capacity 136270K, committed 136600K, reserved 1169408K
  class space    used 14174K, capacity 16183K, committed 16304K, reserved 1048576K
}
Event: 11889.534 GC heap before
{Heap before GC invocations=159 (full 47):
 PSYoungGen      total 394752K, used 7888K [0x00000000d5e00000, 0x00000000ef180000, 0x0000000100000000)
  eden space 377344K, 0% used [0x00000000d5e00000,0x00000000d5e00000,0x00000000ece80000)
  from space 17408K, 45% used [0x00000000ee080000,0x00000000ee8340a0,0x00000000ef180000)
  to   space 17920K, 0% used [0x00000000ece80000,0x00000000ece80000,0x00000000ee000000)
 ParOldGen       total 133120K, used 49559K [0x0000000081a00000, 0x0000000089c00000, 0x00000000d5e00000)
  object space 133120K, 37% used [0x0000000081a00000,0x0000000084a65d90,0x0000000089c00000)
 Metaspace       used 127983K, capacity 136270K, committed 136600K, reserved 1169408K
  class space    used 14174K, capacity 16183K, committed 16304K, reserved 1048576K
Event: 11889.788 GC heap after
Heap after GC invocations=159 (full 47):
 PSYoungGen      total 394752K, used 0K [0x00000000d5e00000, 0x00000000ef180000, 0x0000000100000000)
  eden space 377344K, 0% used [0x00000000d5e00000,0x00000000d5e00000,0x00000000ece80000)
  from space 17408K, 0% used [0x00000000ee080000,0x00000000ee080000,0x00000000ef180000)
  to   space 17920K, 0% used [0x00000000ece80000,0x00000000ece80000,0x00000000ee000000)
 ParOldGen       total 133120K, used 49810K [0x0000000081a00000, 0x0000000089c00000, 0x00000000d5e00000)
  object space 133120K, 37% used [0x0000000081a00000,0x0000000084aa4828,0x0000000089c00000)
 Metaspace       used 127951K, capacity 136216K, committed 136600K, reserved 1169408K
  class space    used 14169K, capacity 16173K, committed 16304K, reserved 1048576K
}
Event: 11912.598 GC heap before
{Heap before GC invocations=160 (full 47):
 PSYoungGen      total 394752K, used 372606K [0x00000000d5e00000, 0x00000000ef180000, 0x0000000100000000)
  eden space 377344K, 98% used [0x00000000d5e00000,0x00000000ec9dfa38,0x00000000ece80000)
  from space 17408K, 0% used [0x00000000ee080000,0x00000000ee080000,0x00000000ef180000)
  to   space 17920K, 0% used [0x00000000ece80000,0x00000000ece80000,0x00000000ee000000)
 ParOldGen       total 133120K, used 49810K [0x0000000081a00000, 0x0000000089c00000, 0x00000000d5e00000)
  object space 133120K, 37% used [0x0000000081a00000,0x0000000084aa4828,0x0000000089c00000)
 Metaspace       used 129097K, capacity 137350K, committed 137752K, reserved 1171456K
  class space    used 14258K, capacity 16287K, committed 16432K, reserved 1048576K
Event: 11912.608 GC heap after
Heap after GC invocations=160 (full 47):
 PSYoungGen      total 395264K, used 11955K [0x00000000d5e00000, 0x00000000ef180000, 0x0000000100000000)
  eden space 377344K, 0% used [0x00000000d5e00000,0x00000000d5e00000,0x00000000ece80000)
  from space 17920K, 66% used [0x00000000ece80000,0x00000000eda2cda8,0x00000000ee000000)
  to   space 17920K, 0% used [0x00000000ee000000,0x00000000ee000000,0x00000000ef180000)
 ParOldGen       total 133120K, used 49818K [0x0000000081a00000, 0x0000000089c00000, 0x00000000d5e00000)
  object space 133120K, 37% used [0x0000000081a00000,0x0000000084aa6828,0x0000000089c00000)
 Metaspace       used 129097K, capacity 137350K, committed 137752K, reserved 1171456K
  class space    used 14258K, capacity 16287K, committed 16432K, reserved 1048576K
}
Event: 11912.608 GC heap before
{Heap before GC invocations=161 (full 48):
 PSYoungGen      total 395264K, used 11955K [0x00000000d5e00000, 0x00000000ef180000, 0x0000000100000000)
  eden space 377344K, 0% used [0x00000000d5e00000,0x00000000d5e00000,0x00000000ece80000)
  from space 17920K, 66% used [0x00000000ece80000,0x00000000eda2cda8,0x00000000ee000000)
  to   space 17920K, 0% used [0x00000000ee000000,0x00000000ee000000,0x00000000ef180000)
 ParOldGen       total 133120K, used 49818K [0x0000000081a00000, 0x0000000089c00000, 0x00000000d5e00000)
  object space 133120K, 37% used [0x0000000081a00000,0x0000000084aa6828,0x0000000089c00000)
 Metaspace       used 129097K, capacity 137350K, committed 137752K, reserved 1171456K
  class space    used 14258K, capacity 16287K, committed 16432K, reserved 1048576K
Event: 11912.906 GC heap after
Heap after GC invocations=161 (full 48):
 PSYoungGen      total 395264K, used 0K [0x00000000d5e00000, 0x00000000ef180000, 0x0000000100000000)
  eden space 377344K, 0% used [0x00000000d5e00000,0x00000000d5e00000,0x00000000ece80000)
  from space 17920K, 0% used [0x00000000ece80000,0x00000000ece80000,0x00000000ee000000)
  to   space 17920K, 0% used [0x00000000ee000000,0x00000000ee000000,0x00000000ef180000)
 ParOldGen       total 133120K, used 54283K [0x0000000081a00000, 0x0000000089c00000, 0x00000000d5e00000)
  object space 133120K, 40% used [0x0000000081a00000,0x0000000084f02e08,0x0000000089c00000)
 Metaspace       used 129069K, capacity 137302K, committed 137752K, reserved 1171456K
  class space    used 14254K, capacity 16278K, committed 16432K, reserved 1048576K
}

